  Application.cpp
C:\Users\Antonia\Desktop\Pacman-main\Base Game\Project_8_Solution\Source\Animation.h(54,19): warning C4244: 'inicializando': conversión de 'const float' a 'int'; posible pérdida de datos
C:\Users\Antonia\Desktop\Pacman-main\Base Game\Project_8_Solution\Source\Animation.h(56,30): warning C4244: '=': conversión de 'float' a 'int'; posible pérdida de datos
C:\Users\Antonia\Desktop\Pacman-main\Base Game\Project_8_Solution\Source\ModulePlayer.h(50,14): warning C4305: 'inicializando': truncamiento de 'double' a 'float'
  Enemy.cpp
C:\Users\Antonia\Desktop\Pacman-main\Base Game\Project_8_Solution\Source\Animation.h(54,19): warning C4244: 'inicializando': conversión de 'const float' a 'int'; posible pérdida de datos
C:\Users\Antonia\Desktop\Pacman-main\Base Game\Project_8_Solution\Source\Animation.h(56,30): warning C4244: '=': conversión de 'float' a 'int'; posible pérdida de datos
  Enemy_BrownShip.cpp
C:\Users\Antonia\Desktop\Pacman-main\Base Game\Project_8_Solution\Source\Animation.h(54,19): warning C4244: 'inicializando': conversión de 'const float' a 'int'; posible pérdida de datos
C:\Users\Antonia\Desktop\Pacman-main\Base Game\Project_8_Solution\Source\Animation.h(56,30): warning C4244: '=': conversión de 'float' a 'int'; posible pérdida de datos
  Enemy_Mech.cpp
C:\Users\Antonia\Desktop\Pacman-main\Base Game\Project_8_Solution\Source\Animation.h(54,19): warning C4244: 'inicializando': conversión de 'const float' a 'int'; posible pérdida de datos
C:\Users\Antonia\Desktop\Pacman-main\Base Game\Project_8_Solution\Source\Animation.h(56,30): warning C4244: '=': conversión de 'float' a 'int'; posible pérdida de datos
  Enemy_RedBird.cpp
C:\Users\Antonia\Desktop\Pacman-main\Base Game\Project_8_Solution\Source\Animation.h(54,19): warning C4244: 'inicializando': conversión de 'const float' a 'int'; posible pérdida de datos
C:\Users\Antonia\Desktop\Pacman-main\Base Game\Project_8_Solution\Source\Animation.h(56,30): warning C4244: '=': conversión de 'float' a 'int'; posible pérdida de datos
C:\Users\Antonia\Desktop\Pacman-main\Base Game\Project_8_Solution\Source\Enemy_RedBird.cpp(27,26): warning C4244: '=': conversión de 'float' a 'TYPE'; posible pérdida de datos
          with
          [
              TYPE=int
          ]
  Ghost_Blinky.cpp
C:\Users\Antonia\Desktop\Pacman-main\Base Game\Project_8_Solution\Source\Animation.h(54,19): warning C4244: 'inicializando': conversión de 'const float' a 'int'; posible pérdida de datos
C:\Users\Antonia\Desktop\Pacman-main\Base Game\Project_8_Solution\Source\Animation.h(56,30): warning C4244: '=': conversión de 'float' a 'int'; posible pérdida de datos
  Ghost_Inky.cpp
C:\Users\Antonia\Desktop\Pacman-main\Base Game\Project_8_Solution\Source\Animation.h(54,19): warning C4244: 'inicializando': conversión de 'const float' a 'int'; posible pérdida de datos
C:\Users\Antonia\Desktop\Pacman-main\Base Game\Project_8_Solution\Source\Animation.h(56,30): warning C4244: '=': conversión de 'float' a 'int'; posible pérdida de datos
  Main.cpp
  ModuleAudio.cpp
  ModuleCollisions.cpp
  ModuleEnemies.cpp
C:\Users\Antonia\Desktop\Pacman-main\Base Game\Project_8_Solution\Source\Animation.h(54,19): warning C4244: 'inicializando': conversión de 'const float' a 'int'; posible pérdida de datos
C:\Users\Antonia\Desktop\Pacman-main\Base Game\Project_8_Solution\Source\Animation.h(56,30): warning C4244: '=': conversión de 'float' a 'int'; posible pérdida de datos
  ModuleFadeToBlack.cpp
C:\Users\Antonia\Desktop\Pacman-main\Base Game\Project_8_Solution\Source\ModuleFadeToBlack.cpp(79,19): warning C4244: '=': conversión de 'float' a 'Uint32'; posible pérdida de datos
  ModuleGameOver.cpp
C:\Users\Antonia\Desktop\Pacman-main\Base Game\Project_8_Solution\Source\Animation.h(54,19): warning C4244: 'inicializando': conversión de 'const float' a 'int'; posible pérdida de datos
C:\Users\Antonia\Desktop\Pacman-main\Base Game\Project_8_Solution\Source\Animation.h(56,30): warning C4244: '=': conversión de 'float' a 'int'; posible pérdida de datos
  ModuleInput.cpp
  ModuleParticles.cpp
C:\Users\Antonia\Desktop\Pacman-main\Base Game\Project_8_Solution\Source\Animation.h(54,19): warning C4244: 'inicializando': conversión de 'const float' a 'int'; posible pérdida de datos
C:\Users\Antonia\Desktop\Pacman-main\Base Game\Project_8_Solution\Source\Animation.h(56,30): warning C4244: '=': conversión de 'float' a 'int'; posible pérdida de datos
  ModulePlayer.cpp
C:\Users\Antonia\Desktop\Pacman-main\Base Game\Project_8_Solution\Source\Animation.h(54,19): warning C4244: 'inicializando': conversión de 'const float' a 'int'; posible pérdida de datos
C:\Users\Antonia\Desktop\Pacman-main\Base Game\Project_8_Solution\Source\Animation.h(56,30): warning C4244: '=': conversión de 'float' a 'int'; posible pérdida de datos
C:\Users\Antonia\Desktop\Pacman-main\Base Game\Project_8_Solution\Source\ModulePlayer.h(50,14): warning C4305: 'inicializando': truncamiento de 'double' a 'float'
C:\Users\Antonia\Desktop\Pacman-main\Base Game\Project_8_Solution\Source\ModulePlayer.cpp(78,21): warning C4244: '=': conversión de 'int' a 'TYPE'; posible pérdida de datos
          with
          [
              TYPE=float
          ]
C:\Users\Antonia\Desktop\Pacman-main\Base Game\Project_8_Solution\Source\ModulePlayer.cpp(79,21): warning C4244: '=': conversión de 'int' a 'TYPE'; posible pérdida de datos
          with
          [
              TYPE=float
          ]
C:\Users\Antonia\Desktop\Pacman-main\Base Game\Project_8_Solution\Source\ModulePlayer.cpp(100,19): warning C4244: '=': conversión de 'TYPE' a 'TYPE'; posible pérdida de datos
          with
          [
              TYPE=float
          ]
          and
          [
              TYPE=int
          ]
C:\Users\Antonia\Desktop\Pacman-main\Base Game\Project_8_Solution\Source\ModulePlayer.cpp(101,22): warning C4244: '=': conversión de 'TYPE' a 'TYPE'; posible pérdida de datos
          with
          [
              TYPE=float
          ]
          and
          [
              TYPE=int
          ]
C:\Users\Antonia\Desktop\Pacman-main\Base Game\Project_8_Solution\Source\ModulePlayer.cpp(99,30): warning C4390: ';': se encontró una instrucción controlada vacía; ¿es esa la intención?
  ModuleRender.cpp
  ModuleTextures.cpp
  ModuleWin.cpp
C:\Users\Antonia\Desktop\Pacman-main\Base Game\Project_8_Solution\Source\Animation.h(54,19): warning C4244: 'inicializando': conversión de 'const float' a 'int'; posible pérdida de datos
C:\Users\Antonia\Desktop\Pacman-main\Base Game\Project_8_Solution\Source\Animation.h(56,30): warning C4244: '=': conversión de 'float' a 'int'; posible pérdida de datos
  ModuleWindow.cpp
  Generando código...
  Compilando...
  SceneIntro.cpp
C:\Users\Antonia\Desktop\Pacman-main\Base Game\Project_8_Solution\Source\Animation.h(54,19): warning C4244: 'inicializando': conversión de 'const float' a 'int'; posible pérdida de datos
C:\Users\Antonia\Desktop\Pacman-main\Base Game\Project_8_Solution\Source\Animation.h(56,30): warning C4244: '=': conversión de 'float' a 'int'; posible pérdida de datos
  SceneLevel1.cpp
C:\Users\Antonia\Desktop\Pacman-main\Base Game\Project_8_Solution\Source\Animation.h(54,19): warning C4244: 'inicializando': conversión de 'const float' a 'int'; posible pérdida de datos
C:\Users\Antonia\Desktop\Pacman-main\Base Game\Project_8_Solution\Source\Animation.h(56,30): warning C4244: '=': conversión de 'float' a 'int'; posible pérdida de datos
C:\Users\Antonia\Desktop\Pacman-main\Base Game\Project_8_Solution\Source\ModulePlayer.h(50,14): warning C4305: 'inicializando': truncamiento de 'double' a 'float'
  Generando código...
  Project_8_Solution.vcxproj -> C:\Users\Antonia\Desktop\Pacman-main\Base Game\Debug\Project_8_Solution.exe
